{
  "RSpec": {
    "coverage": {
      "/home/dmytro/ruby/bookstore/app/models/admin.rb": [
        1,
        null,
        null,
        1,
        null,
        null
      ],
      "/home/dmytro/ruby/bookstore/app/models/costumer.rb": [
        1,
        1,
        null,
        null,
        null,
        1,
        1,
        1,
        1,
        1,
        null,
        1,
        1,
        1,
        1,
        null,
        1,
        0,
        0,
        null,
        0,
        null,
        null,
        null,
        null,
        null,
        null,
        null,
        null,
        null
      ],
      "/home/dmytro/ruby/bookstore/app/helpers/adresses_helper.rb": [
        1,
        null
      ],
      "/home/dmytro/ruby/bookstore/app/helpers/application_helper.rb": [
        1,
        null
      ],
      "/home/dmytro/ruby/bookstore/app/helpers/authors_helper.rb": [
        1,
        null
      ],
      "/home/dmytro/ruby/bookstore/app/helpers/billing_adresses_helper.rb": [
        1,
        null
      ],
      "/home/dmytro/ruby/bookstore/app/helpers/books_helper.rb": [
        1,
        null
      ],
      "/home/dmytro/ruby/bookstore/app/helpers/categories_helper.rb": [
        1,
        null
      ],
      "/home/dmytro/ruby/bookstore/app/helpers/checkout_helper.rb": [
        1,
        null
      ],
      "/home/dmytro/ruby/bookstore/app/helpers/costumers_helper.rb": [
        1,
        null
      ],
      "/home/dmytro/ruby/bookstore/app/helpers/costumers/omniauth_callbacks_helper.rb": [
        1,
        null
      ],
      "/home/dmytro/ruby/bookstore/app/helpers/countries_helper.rb": [
        1,
        null
      ],
      "/home/dmytro/ruby/bookstore/app/helpers/credit_cards_helper.rb": [
        1,
        null
      ],
      "/home/dmytro/ruby/bookstore/app/helpers/order_items_helper.rb": [
        1,
        null
      ],
      "/home/dmytro/ruby/bookstore/app/helpers/orders_helper.rb": [
        1,
        null
      ],
      "/home/dmytro/ruby/bookstore/app/helpers/orders/build_helper.rb": [
        1,
        null
      ],
      "/home/dmytro/ruby/bookstore/app/helpers/ratings_helper.rb": [
        1,
        null
      ],
      "/home/dmytro/ruby/bookstore/app/helpers/start_helper.rb": [
        1,
        null
      ],
      "/home/dmytro/ruby/bookstore/app/controllers/adresses_controller.rb": [
        1,
        1,
        null,
        1,
        null,
        1,
        12,
        12,
        null,
        12,
        12,
        16,
        null,
        8,
        null,
        null,
        null,
        null,
        null,
        1,
        8,
        8,
        4,
        null,
        4,
        null,
        null,
        null,
        null,
        null,
        null,
        1,
        null,
        1,
        20,
        null,
        null
      ],
      "/home/dmytro/ruby/bookstore/app/controllers/application_controller.rb": [
        1,
        null,
        null,
        null,
        1,
        1,
        1,
        null,
        1,
        1,
        1,
        null,
        1,
        3,
        null,
        null,
        null,
        1,
        249,
        249,
        37,
        null,
        212,
        null,
        null,
        null,
        1,
        0,
        null,
        null,
        1,
        222,
        null,
        1,
        323,
        null,
        null,
        1,
        1,
        0,
        null,
        null,
        1,
        null,
        1,
        null,
        1,
        2,
        null,
        null,
        null
      ],
      "/home/dmytro/ruby/bookstore/app/controllers/billing_adresses_controller.rb": [
        1,
        1,
        null,
        1,
        null,
        1,
        14,
        14,
        null,
        14,
        14,
        20,
        null,
        8,
        null,
        null,
        null,
        null,
        1,
        8,
        8,
        4,
        null,
        4,
        null,
        null,
        null,
        null,
        1,
        null,
        1,
        22,
        null,
        null
      ],
      "/home/dmytro/ruby/bookstore/app/controllers/books_controller.rb": [
        1,
        1,
        1,
        null,
        null,
        null,
        1,
        11,
        11,
        11,
        11,
        null,
        null,
        1,
        6,
        6,
        null,
        6,
        6,
        6,
        null,
        6,
        null,
        null,
        null,
        null,
        null,
        1,
        1,
        6,
        null,
        null
      ],
      "/home/dmytro/ruby/bookstore/app/controllers/categories_controller.rb": [
        1,
        1,
        null,
        1,
        null,
        1,
        0,
        null,
        1,
        6,
        6,
        6,
        6,
        6,
        null,
        6,
        null,
        null,
        null,
        null,
        null,
        1,
        null,
        1,
        6,
        null,
        null
      ],
      "/home/dmytro/ruby/bookstore/app/controllers/credit_cards_controller.rb": [
        1,
        1,
        null,
        1,
        null,
        1,
        12,
        12,
        null,
        12,
        12,
        16,
        null,
        8,
        null,
        null,
        null,
        null,
        1,
        8,
        8,
        4,
        null,
        4,
        null,
        null,
        null,
        null,
        1,
        null,
        1,
        20,
        null,
        null
      ],
      "/home/dmytro/ruby/bookstore/app/models/adress.rb": [
        1,
        null,
        1,
        1,
        1,
        null,
        1,
        1,
        1,
        1,
        null,
        null
      ],
      "/home/dmytro/ruby/bookstore/app/models/author.rb": [
        1,
        null,
        1,
        null,
        1,
        1,
        null
      ],
      "/home/dmytro/ruby/bookstore/app/models/billing_adress.rb": [
        1,
        null,
        1,
        1,
        1,
        null,
        1,
        1,
        1,
        1,
        null,
        null
      ],
      "/home/dmytro/ruby/bookstore/app/models/book.rb": [
        1,
        null,
        1,
        1,
        null,
        1,
        1,
        null,
        1,
        1,
        1,
        null,
        null,
        1,
        null,
        null,
        1,
        35,
        null,
        null,
        null,
        null
      ],
      "/home/dmytro/ruby/bookstore/app/models/category.rb": [
        1,
        null,
        1,
        null,
        1,
        null
      ],
      "/home/dmytro/ruby/bookstore/app/models/country.rb": [
        1,
        null,
        1,
        1,
        1,
        null
      ],
      "/home/dmytro/ruby/bookstore/app/models/coupon.rb": [
        1,
        null,
        1,
        null
      ],
      "/home/dmytro/ruby/bookstore/app/models/credit_card.rb": [
        1,
        null,
        1,
        1,
        null,
        1,
        1,
        1,
        1,
        1,
        null
      ],
      "/home/dmytro/ruby/bookstore/app/models/order_item.rb": [
        1,
        null,
        1,
        1,
        null,
        null,
        null,
        1,
        1,
        1,
        1,
        null,
        1,
        22,
        22,
        null,
        null,
        null,
        1,
        22,
        null,
        null,
        1,
        23,
        23,
        null,
        null,
        null
      ],
      "/home/dmytro/ruby/bookstore/app/models/order.rb": [
        1,
        null,
        1,
        1,
        null,
        1,
        1,
        null,
        1,
        null,
        1,
        null,
        null,
        1,
        1,
        null,
        1,
        null,
        1,
        1,
        1,
        1,
        1,
        null,
        1,
        1,
        null,
        null,
        1,
        1,
        null,
        null,
        1,
        1,
        null,
        null,
        null,
        null,
        1,
        30,
        null,
        null,
        1,
        107,
        107,
        10,
        null,
        107,
        67,
        null,
        107,
        1,
        1,
        1,
        null,
        null,
        null,
        107,
        null,
        1,
        84,
        2,
        2,
        2,
        null,
        null,
        null,
        1,
        113,
        113,
        113,
        30,
        null,
        null,
        113,
        null,
        1,
        107,
        null,
        null,
        null
      ],
      "/home/dmytro/ruby/bookstore/app/models/rating.rb": [
        1,
        null,
        1,
        1,
        null,
        null,
        null,
        null
      ],
      "/home/dmytro/ruby/bookstore/app/models/ability.rb": [
        1,
        1,
        null,
        1,
        null,
        129,
        18,
        18,
        null,
        null,
        129,
        117,
        117,
        117,
        117,
        117,
        117,
        117,
        null,
        null,
        null,
        129,
        129,
        129,
        null,
        null,
        null,
        null
      ],
      "/home/dmytro/ruby/bookstore/app/controllers/order_items_controller.rb": [
        1,
        1,
        null,
        1,
        null,
        2,
        2,
        null,
        2,
        2,
        null,
        2,
        2,
        2,
        null,
        2,
        null,
        null,
        null,
        null,
        1,
        0,
        0,
        null,
        null,
        1,
        2,
        1,
        null,
        1,
        null,
        null,
        null,
        1,
        1,
        1,
        2,
        1,
        null,
        null,
        null,
        1,
        null,
        1,
        4,
        null,
        null,
        null
      ],
      "/home/dmytro/ruby/bookstore/app/controllers/orders_controller.rb": [
        1,
        1,
        null,
        1,
        1,
        0,
        null,
        1,
        0,
        0,
        0,
        0,
        null,
        1,
        10,
        null,
        1,
        4,
        0,
        null,
        4,
        0,
        null,
        4,
        0,
        null,
        4,
        4,
        null,
        0,
        null,
        null,
        null,
        null,
        1,
        1,
        1,
        null,
        null,
        null,
        1,
        null,
        1,
        4,
        null,
        null
      ],
      "/home/dmytro/ruby/bookstore/app/controllers/ratings_controller.rb": [
        1,
        1,
        null,
        1,
        null,
        1,
        1,
        1,
        1,
        1,
        1,
        1,
        null,
        null,
        null,
        1,
        1,
        1,
        1,
        null,
        null,
        null,
        1,
        1,
        1,
        null,
        null,
        1,
        null,
        1,
        2,
        null,
        null
      ],
      "/home/dmytro/ruby/bookstore/app/controllers/checkout_controller.rb": [
        1,
        1,
        24,
        8,
        null,
        16,
        null,
        24,
        7,
        null,
        17,
        null,
        24,
        1,
        1,
        null,
        1,
        1,
        1,
        1,
        1,
        1,
        null,
        null,
        1,
        1,
        1,
        null,
        0,
        null,
        1,
        1,
        null,
        null,
        1,
        7,
        7,
        null,
        null,
        null,
        1,
        11,
        11,
        null,
        11,
        null,
        1,
        2,
        2,
        null,
        2,
        null,
        2,
        2,
        2,
        2,
        2,
        null,
        null
      ],
      "/home/dmytro/ruby/bookstore/app/controllers/costumers_controller.rb": [
        1,
        1,
        null,
        1,
        42,
        6,
        null,
        36,
        null,
        42,
        5,
        null,
        37,
        null,
        42,
        10,
        null,
        32,
        null,
        42,
        1,
        1,
        null,
        1,
        1,
        1,
        1,
        1,
        1,
        null,
        null,
        null,
        1,
        null,
        0,
        0,
        0,
        0,
        null,
        0,
        0,
        null,
        null,
        null,
        null,
        1,
        null,
        1,
        0,
        null,
        null
      ],
      "/home/dmytro/ruby/bookstore/app/controllers/start_controller.rb": [
        1,
        1,
        1,
        1,
        1,
        null,
        null
      ]
    },
    "timestamp": 1429713630
  }
}
