{
  "RSpec": {
    "coverage": {
      "/home/dmytro/ruby/bookstore/app/models/admin.rb": [
        1,
        null,
        null,
        1,
        null,
        null
      ],
      "/home/dmytro/ruby/bookstore/app/models/costumer.rb": [
        1,
        1,
        null,
        null,
        null,
        1,
        1,
        1,
        1,
        1,
        null,
        1,
        1,
        1,
        1,
        null,
        1,
        0,
        0,
        null,
        0,
        null,
        null,
        null,
        null,
        null,
        null,
        null,
        null,
        null
      ],
      "/home/dmytro/ruby/bookstore/app/helpers/adresses_helper.rb": [
        1,
        null
      ],
      "/home/dmytro/ruby/bookstore/app/helpers/application_helper.rb": [
        1,
        null
      ],
      "/home/dmytro/ruby/bookstore/app/helpers/authors_helper.rb": [
        1,
        null
      ],
      "/home/dmytro/ruby/bookstore/app/helpers/billing_adresses_helper.rb": [
        1,
        null
      ],
      "/home/dmytro/ruby/bookstore/app/helpers/books_helper.rb": [
        1,
        null
      ],
      "/home/dmytro/ruby/bookstore/app/helpers/categories_helper.rb": [
        1,
        null
      ],
      "/home/dmytro/ruby/bookstore/app/helpers/checkout_helper.rb": [
        1,
        null
      ],
      "/home/dmytro/ruby/bookstore/app/helpers/costumers_helper.rb": [
        1,
        null
      ],
      "/home/dmytro/ruby/bookstore/app/helpers/costumers/omniauth_callbacks_helper.rb": [
        1,
        null
      ],
      "/home/dmytro/ruby/bookstore/app/helpers/countries_helper.rb": [
        1,
        null
      ],
      "/home/dmytro/ruby/bookstore/app/helpers/credit_cards_helper.rb": [
        1,
        null
      ],
      "/home/dmytro/ruby/bookstore/app/helpers/order_items_helper.rb": [
        1,
        null
      ],
      "/home/dmytro/ruby/bookstore/app/helpers/orders_helper.rb": [
        1,
        null
      ],
      "/home/dmytro/ruby/bookstore/app/helpers/orders/build_helper.rb": [
        1,
        null
      ],
      "/home/dmytro/ruby/bookstore/app/helpers/ratings_helper.rb": [
        1,
        null
      ],
      "/home/dmytro/ruby/bookstore/app/helpers/start_helper.rb": [
        1,
        null
      ],
      "/home/dmytro/ruby/bookstore/app/controllers/adresses_controller.rb": [
        1,
        1,
        null,
        1,
        null,
        1,
        8,
        8,
        null,
        8,
        8,
        12,
        null,
        4,
        null,
        null,
        null,
        null,
        null,
        1,
        4,
        4,
        4,
        4,
        4,
        null,
        4,
        null,
        null,
        null,
        null,
        null,
        1,
        0,
        0,
        null,
        null,
        1,
        null,
        1,
        12,
        null,
        null
      ],
      "/home/dmytro/ruby/bookstore/app/controllers/application_controller.rb": [
        1,
        null,
        null,
        null,
        1,
        1,
        1,
        null,
        1,
        1,
        1,
        null,
        1,
        20,
        null,
        null,
        null,
        1,
        131,
        131,
        25,
        null,
        106,
        null,
        null,
        null,
        1,
        0,
        null,
        null,
        null,
        null,
        1,
        124,
        null,
        1,
        199,
        null,
        1,
        null,
        1,
        2,
        null,
        null,
        null
      ],
      "/home/dmytro/ruby/bookstore/app/controllers/authors_controller.rb": [
        1,
        1,
        null,
        1,
        null,
        1,
        0,
        0,
        0,
        null,
        null,
        1,
        0,
        0,
        null,
        null,
        1,
        0,
        0,
        null,
        null,
        1,
        null,
        1,
        0,
        null,
        null
      ],
      "/home/dmytro/ruby/bookstore/app/controllers/billing_adresses_controller.rb": [
        1,
        1,
        null,
        1,
        null,
        1,
        10,
        10,
        null,
        10,
        10,
        16,
        null,
        4,
        null,
        null,
        null,
        null,
        1,
        4,
        4,
        null,
        4,
        4,
        4,
        null,
        4,
        null,
        null,
        null,
        null,
        null,
        1,
        0,
        0,
        null,
        null,
        1,
        null,
        1,
        14,
        null,
        null
      ],
      "/home/dmytro/ruby/bookstore/app/controllers/books_controller.rb": [
        1,
        1,
        1,
        null,
        null,
        null,
        1,
        1,
        1,
        1,
        1,
        null,
        null,
        1,
        0,
        0,
        0,
        0,
        null,
        null,
        1,
        0,
        0,
        null,
        null,
        1,
        0,
        0,
        null,
        null,
        1,
        1,
        0,
        null,
        null
      ],
      "/home/dmytro/ruby/bookstore/app/controllers/categories_controller.rb": [
        1,
        1,
        null,
        1,
        null,
        1,
        0,
        null,
        1,
        0,
        0,
        0,
        null,
        null,
        1,
        0,
        0,
        null,
        null,
        1,
        0,
        0,
        null,
        null,
        1,
        null,
        1,
        0,
        null,
        null
      ],
      "/home/dmytro/ruby/bookstore/app/controllers/checkout_controller.rb": [
        1,
        1,
        22,
        6,
        null,
        16,
        null,
        22,
        5,
        null,
        17,
        null,
        22,
        1,
        1,
        1,
        1,
        1,
        1,
        null,
        null,
        1,
        0,
        0,
        null,
        0,
        null,
        0,
        0,
        null,
        null,
        1,
        0,
        0,
        null,
        null,
        null,
        1,
        0,
        0,
        null,
        0,
        null,
        1,
        0,
        0,
        null,
        0,
        0,
        0,
        null,
        null
      ],
      "/home/dmytro/ruby/bookstore/app/controllers/costumers/omniauth_callbacks_controller.rb": [
        1,
        1,
        0,
        0,
        null,
        0,
        null,
        0,
        0,
        null,
        null,
        null
      ],
      "/home/dmytro/ruby/bookstore/app/controllers/credit_cards_controller.rb": [
        1,
        1,
        null,
        1,
        null,
        1,
        4,
        4,
        null,
        4,
        4,
        6,
        null,
        2,
        null,
        null,
        null,
        null,
        1,
        2,
        2,
        2,
        2,
        2,
        null,
        2,
        null,
        null,
        null,
        null,
        1,
        0,
        0,
        null,
        null,
        1,
        null,
        1,
        6,
        null,
        null
      ],
      "/home/dmytro/ruby/bookstore/app/controllers/order_items_controller.rb": [
        1,
        1,
        null,
        1,
        null,
        1,
        1,
        null,
        1,
        1,
        null,
        1,
        1,
        2,
        1,
        null,
        0,
        0,
        null,
        null,
        null,
        null,
        1,
        0,
        0,
        null,
        null,
        1,
        1,
        1,
        null,
        null,
        1,
        1,
        1,
        2,
        1,
        null,
        null,
        null,
        1,
        null,
        1,
        2,
        null,
        null,
        null
      ],
      "/home/dmytro/ruby/bookstore/app/controllers/orders/build_controller.rb": [
        1,
        1,
        null,
        1,
        null,
        1,
        0,
        0,
        null,
        null,
        null,
        1,
        0,
        0,
        null,
        0,
        0,
        null,
        null,
        null,
        1,
        0,
        0,
        null,
        null
      ],
      "/home/dmytro/ruby/bookstore/app/controllers/start_controller.rb": [
        1,
        1,
        1,
        1,
        1,
        null,
        null
      ],
      "/home/dmytro/ruby/bookstore/app/models/adress.rb": [
        1,
        null,
        1,
        1,
        1,
        null,
        1,
        1,
        1,
        1,
        null,
        null
      ],
      "/home/dmytro/ruby/bookstore/app/models/author.rb": [
        1,
        null,
        1,
        null,
        1,
        1,
        null
      ],
      "/home/dmytro/ruby/bookstore/app/models/billing_adress.rb": [
        1,
        null,
        1,
        1,
        1,
        null,
        1,
        1,
        1,
        1,
        null,
        null
      ],
      "/home/dmytro/ruby/bookstore/app/models/book.rb": [
        1,
        null,
        1,
        1,
        null,
        1,
        1,
        null,
        1,
        1,
        1,
        null,
        null,
        1,
        null,
        null,
        1,
        7,
        null,
        null,
        null,
        null
      ],
      "/home/dmytro/ruby/bookstore/app/models/category.rb": [
        1,
        null,
        1,
        null,
        1,
        null
      ],
      "/home/dmytro/ruby/bookstore/app/models/country.rb": [
        1,
        null,
        1,
        1,
        1,
        null
      ],
      "/home/dmytro/ruby/bookstore/app/models/coupon.rb": [
        1,
        null,
        1,
        null
      ],
      "/home/dmytro/ruby/bookstore/app/models/credit_card.rb": [
        1,
        null,
        1,
        1,
        null,
        1,
        1,
        1,
        1,
        1,
        null
      ],
      "/home/dmytro/ruby/bookstore/app/models/order_item.rb": [
        1,
        null,
        1,
        1,
        null,
        null,
        null,
        1,
        1,
        1,
        1,
        null,
        1,
        7,
        7,
        null,
        null,
        null,
        1,
        7,
        null,
        null,
        1,
        8,
        8,
        null,
        null,
        null
      ],
      "/home/dmytro/ruby/bookstore/app/models/order.rb": [
        1,
        null,
        1,
        1,
        null,
        1,
        1,
        null,
        1,
        null,
        1,
        null,
        null,
        1,
        1,
        null,
        1,
        null,
        1,
        1,
        1,
        1,
        1,
        null,
        1,
        1,
        null,
        null,
        1,
        1,
        null,
        null,
        1,
        1,
        null,
        null,
        null,
        null,
        1,
        9,
        null,
        null,
        1,
        45,
        45,
        5,
        null,
        45,
        0,
        null,
        45,
        1,
        1,
        1,
        null,
        null,
        null,
        45,
        null,
        1,
        37,
        0,
        0,
        0,
        null,
        null,
        null,
        1,
        65,
        65,
        65,
        7,
        null,
        null,
        65,
        null,
        1,
        45,
        null,
        null,
        null
      ],
      "/home/dmytro/ruby/bookstore/app/models/rating.rb": [
        1,
        null,
        1,
        1,
        null,
        null,
        null,
        null
      ],
      "/home/dmytro/ruby/bookstore/app/models/ability.rb": [
        1,
        1,
        null,
        1,
        null,
        101,
        3,
        3,
        3,
        null,
        null,
        101,
        75,
        75,
        75,
        75,
        75,
        75,
        75,
        null,
        null,
        null,
        101,
        101,
        101,
        null,
        null,
        null,
        null
      ],
      "/home/dmytro/ruby/bookstore/app/controllers/orders_controller.rb": [
        1,
        1,
        null,
        1,
        1,
        0,
        null,
        1,
        0,
        0,
        0,
        0,
        null,
        1,
        8,
        null,
        1,
        1,
        0,
        null,
        1,
        0,
        null,
        1,
        0,
        null,
        1,
        null,
        1,
        null,
        null,
        1,
        1,
        1,
        null,
        null,
        1,
        null,
        1,
        1,
        null,
        null
      ],
      "/home/dmytro/ruby/bookstore/app/controllers/costumers_controller.rb": [
        1,
        1,
        null,
        1,
        32,
        6,
        null,
        26,
        null,
        32,
        5,
        null,
        27,
        null,
        32,
        5,
        null,
        27,
        null,
        32,
        1,
        1,
        1,
        1,
        1,
        1,
        null,
        null,
        null,
        1,
        null,
        0,
        0,
        0,
        0,
        null,
        0,
        0,
        null,
        null,
        null,
        null,
        1,
        null,
        1,
        0,
        null,
        null
      ]
    },
    "timestamp": 1429278527
  }
}
